2019-05-07 16:03:20,676 INFO  Mitsunori.FmMNRKYDHS01 [1][C:\Mitsunori\Mitsunori\MNRKYDHS01.cs:571] - EXEC BEGIN
2019-05-07 16:03:56,415 FATAL Mitsunori.FmMNRKYDHS01 [1][C:\Mitsunori\Mitsunori\MNRKYDHS01.cs:579] - Unexpected Error: NMSL
2019-05-07 16:03:57,544 INFO  Mitsunori.FmMNRKYDHS01 [1][C:\Mitsunori\Mitsunori\MNRKYDHS01.cs:583] - EXEC END
2019-05-07 16:25:18,896 INFO  Mitsunori.FmMNRKYDHS01 [1][C:\Mitsunori\Mitsunori\MNRKYDHS01.cs:571] - EXEC BEGIN
2019-05-07 16:25:28,591 INFO  Mitsunori.FmMNRKYDHS01 [1][C:\Mitsunori\Mitsunori\MNRKYDHS01.cs:583] - EXEC END
2019-05-07 16:25:32,221 INFO  Mitsunori.FmMNRKYDHS01 [1][C:\Mitsunori\Mitsunori\MNRKYDHS01.cs:418] - SEARCH BEGIN
2019-05-07 16:25:33,391 INFO  Mitsunori.FmMNRKYDHS01 [1][C:\Mitsunori\Mitsunori\MNRKYDHS01.cs:428] - SEARCH END
2019-05-07 16:25:38,200 INFO  Mitsunori.FmMNRKYDHS01 [1][C:\Mitsunori\Mitsunori\MNRKYDHS01.cs:418] - SEARCH BEGIN
2019-05-07 16:25:39,160 INFO  Mitsunori.FmMNRKYDHS01 [1][C:\Mitsunori\Mitsunori\MNRKYDHS01.cs:428] - SEARCH END
2019-05-07 16:27:14,146 INFO  Mitsunori.FmMNRKYDHS01 [1][C:\Mitsunori\Mitsunori\MNRKYDHS01.cs:418] - SEARCH BEGIN
2019-05-07 16:27:15,352 INFO  Mitsunori.FmMNRKYDHS01 [1][C:\Mitsunori\Mitsunori\MNRKYDHS01.cs:428] - SEARCH END
2019-05-07 16:28:45,818 INFO  Mitsunori.FmMNRKYDHS01 [1][C:\Mitsunori\Mitsunori\MNRKYDHS01.cs:418] - SEARCH BEGIN
2019-05-07 16:29:18,856 INFO  Mitsunori.FmMNRKYDHS01 [1][C:\Mitsunori\Mitsunori\MNRKYDHS01.cs:428] - SEARCH END
2019-05-07 16:30:05,121 INFO  Mitsunori.FmMNRKYDHS01 [1][C:\Mitsunori\Mitsunori\MNRKYDHS01.cs:418] - SEARCH BEGIN
2019-05-07 16:33:48,470 INFO  Mitsunori.FmMNRKYDHS01 [1][C:\Mitsunori\Mitsunori\MNRKYDHS01.cs:418] - SEARCH BEGIN
2019-05-07 16:41:23,876 INFO  Mitsunori.FmMNRKYDHS01 [1][C:\Mitsunori\Mitsunori\MNRKYDHS01.cs:418] - SEARCH BEGIN
2019-05-07 16:41:24,875 INFO  Mitsunori.FmMNRKYDHS01 [1][C:\Mitsunori\Mitsunori\MNRKYDHS01.cs:428] - SEARCH END
2019-05-07 16:41:46,716 INFO  Mitsunori.FmMNRKYDHS01 [1][C:\Mitsunori\Mitsunori\MNRKYDHS01.cs:418] - SEARCH BEGIN
2019-05-07 16:43:11,287 INFO  Mitsunori.FmMNRKYDHS01 [1][C:\Mitsunori\Mitsunori\MNRKYDHS01.cs:418] - SEARCH BEGIN
2019-05-07 16:44:56,320 INFO  Mitsunori.FmMNRKYDHS01 [1][C:\Mitsunori\Mitsunori\MNRKYDHS01.cs:428] - SEARCH END
2019-05-07 16:47:04,484 INFO  Mitsunori.FmMNRKYDHS01 [1][C:\Mitsunori\Mitsunori\MNRKYDHS01.cs:418] - SEARCH BEGIN
2019-05-07 16:54:54,700 INFO  Mitsunori.FmMNRKYDHS01 [1][C:\Mitsunori\Mitsunori\MNRKYDHS01.cs:418] - SEARCH BEGIN
2019-05-07 16:54:55,011 FATAL Mitsunori.FmMNRKYDHS01 [1][C:\Mitsunori\Mitsunori\MNRKYDHS01.cs:423] - UNEXPECTED ERROR: オブジェクト参照がオブジェクト インスタンスに設定されていません。
2019-05-07 16:54:55,012 INFO  Mitsunori.FmMNRKYDHS01 [1][C:\Mitsunori\Mitsunori\MNRKYDHS01.cs:424] - SEARCH END
2019-05-07 16:54:55,012 INFO  Mitsunori.FmMNRKYDHS01 [1][C:\Mitsunori\Mitsunori\MNRKYDHS01.cs:428] - SEARCH END
