2019-05-08 17:03:28,620 INFO  Mitsunori.FmMNRKYDHS01 [1][C:\Mitsunori\Mitsunori\MNRKYDHS01.cs:419] - SEARCH BEGIN
2019-05-08 17:03:28,706 INFO  Mitsunori.FmMNRKYDHS01 [1][C:\Mitsunori\Mitsunori\MNRKYDHS01.cs:416] - SEARCH END
2019-05-08 17:03:33,644 INFO  BLL.OkuriJyo [1][C:\Mitsunori\BLL\OkuriJyo.cs:38] - EXEC BEGIN
2019-05-08 17:03:33,731 ERROR BLL.OkuriJyo [1][C:\Mitsunori\BLL\OkuriJyo.cs:39] - ERROR列 'HOMEN' はテーブル  に属していません。
2019-05-08 17:03:33,813 INFO  BLL.OkuriJyo [1][C:\Mitsunori\BLL\OkuriJyo.cs:19] - EXEC END
2019-05-08 17:05:09,673 INFO  BLL.OkuriJyo [1][C:\Mitsunori\BLL\OkuriJyo.cs:38] - EXEC BEGIN
2019-05-08 17:05:09,700 ERROR BLL.OkuriJyo [1][C:\Mitsunori\BLL\OkuriJyo.cs:39] - ERROR列 'HOMEN' はテーブル  に属していません。
2019-05-08 17:05:09,770 INFO  BLL.OkuriJyo [1][C:\Mitsunori\BLL\OkuriJyo.cs:19] - EXEC END
2019-05-08 17:06:21,852 INFO  BLL.OkuriJyo [1][C:\Mitsunori\BLL\OkuriJyo.cs:38] - EXEC BEGIN
2019-05-08 17:07:07,842 INFO  Mitsunori.FmMNRKYDHS01 [1][C:\Mitsunori\Mitsunori\MNRKYDHS01.cs:419] - SEARCH BEGIN
2019-05-08 17:07:07,916 INFO  Mitsunori.FmMNRKYDHS01 [1][C:\Mitsunori\Mitsunori\MNRKYDHS01.cs:416] - SEARCH END
2019-05-08 17:07:15,707 INFO  BLL.OkuriJyo [1][C:\Mitsunori\BLL\OkuriJyo.cs:38] - EXEC BEGIN
2019-05-08 17:07:28,261 INFO  BLL.OkuriJyo [1][C:\Mitsunori\BLL\OkuriJyo.cs:19] - EXEC END
2019-05-08 17:09:34,273 INFO  Mitsunori.FmMNRKYDHS01 [1][C:\Mitsunori\Mitsunori\MNRKYDHS01.cs:419] - SEARCH BEGIN
2019-05-08 17:09:34,351 INFO  Mitsunori.FmMNRKYDHS01 [1][C:\Mitsunori\Mitsunori\MNRKYDHS01.cs:416] - SEARCH END
2019-05-08 17:09:40,170 INFO  BLL.OkuriJyo [1][C:\Mitsunori\BLL\OkuriJyo.cs:38] - EXEC BEGIN
2019-05-08 17:09:45,625 INFO  BLL.OkuriJyo [1][C:\Mitsunori\BLL\OkuriJyo.cs:19] - EXEC END
2019-05-08 17:12:00,382 INFO  Mitsunori.FmMNRKYDHS01 [1][C:\Mitsunori\Mitsunori\MNRKYDHS01.cs:419] - SEARCH BEGIN
2019-05-08 17:12:00,465 INFO  Mitsunori.FmMNRKYDHS01 [1][C:\Mitsunori\Mitsunori\MNRKYDHS01.cs:416] - SEARCH END
2019-05-08 17:12:05,744 INFO  BLL.OkuriJyo [1][C:\Mitsunori\BLL\OkuriJyo.cs:38] - EXEC BEGIN
2019-05-08 17:12:10,418 INFO  BLL.OkuriJyo [1][C:\Mitsunori\BLL\OkuriJyo.cs:19] - EXEC END
2019-05-08 17:14:32,563 INFO  Mitsunori.FmMNRKYDHS01 [1][C:\Mitsunori\Mitsunori\MNRKYDHS01.cs:419] - SEARCH BEGIN
2019-05-08 17:14:32,651 INFO  Mitsunori.FmMNRKYDHS01 [1][C:\Mitsunori\Mitsunori\MNRKYDHS01.cs:416] - SEARCH END
2019-05-08 17:14:41,089 INFO  BLL.OkuriJyo [1][C:\Mitsunori\BLL\OkuriJyo.cs:38] - EXEC BEGIN
2019-05-08 17:14:42,619 ERROR BLL.OkuriJyo [1][C:\Mitsunori\BLL\OkuriJyo.cs:39] - ERROR値を Null にすることはできません。
パラメーター名:source
2019-05-08 17:14:42,699 INFO  BLL.OkuriJyo [1][C:\Mitsunori\BLL\OkuriJyo.cs:19] - EXEC END
2019-05-08 17:15:09,411 INFO  Mitsunori.FmMNRKYDHS01 [1][C:\Mitsunori\Mitsunori\MNRKYDHS01.cs:419] - SEARCH BEGIN
2019-05-08 17:15:09,498 INFO  Mitsunori.FmMNRKYDHS01 [1][C:\Mitsunori\Mitsunori\MNRKYDHS01.cs:416] - SEARCH END
2019-05-08 17:15:14,762 INFO  BLL.OkuriJyo [1][C:\Mitsunori\BLL\OkuriJyo.cs:38] - EXEC BEGIN
2019-05-08 17:15:24,891 INFO  BLL.OkuriJyo [1][C:\Mitsunori\BLL\OkuriJyo.cs:19] - EXEC END
2019-05-08 17:16:26,528 INFO  Mitsunori.FmMNRKYDHS01 [1][C:\Mitsunori\Mitsunori\MNRKYDHS01.cs:419] - SEARCH BEGIN
2019-05-08 17:16:26,628 INFO  Mitsunori.FmMNRKYDHS01 [1][C:\Mitsunori\Mitsunori\MNRKYDHS01.cs:416] - SEARCH END
2019-05-08 17:16:30,728 INFO  BLL.OkuriJyo [1][C:\Mitsunori\BLL\OkuriJyo.cs:38] - EXEC BEGIN
2019-05-08 17:16:32,488 INFO  BLL.OkuriJyo [1][C:\Mitsunori\BLL\OkuriJyo.cs:19] - EXEC END
2019-05-08 17:16:47,868 INFO  BLL.OkuriJyo [1][C:\Mitsunori\BLL\OkuriJyo.cs:38] - EXEC BEGIN
2019-05-08 17:17:36,967 INFO  Mitsunori.FmMNRKYDHS01 [1][C:\Mitsunori\Mitsunori\MNRKYDHS01.cs:419] - SEARCH BEGIN
2019-05-08 17:17:37,987 INFO  Mitsunori.FmMNRKYDHS01 [1][C:\Mitsunori\Mitsunori\MNRKYDHS01.cs:416] - SEARCH END
2019-05-08 17:21:29,992 INFO  BLL.OkuriJyo [1][C:\Mitsunori\BLL\OkuriJyo.cs:38] - EXEC BEGIN
2019-05-08 17:21:32,092 INFO  BLL.OkuriJyo [1][C:\Mitsunori\BLL\OkuriJyo.cs:19] - EXEC END
2019-05-08 17:38:58,979 INFO  BLL.SyuKaHyo [1][C:\Mitsunori\BLL\SyuKaHyo.cs:42] - EXEC BEGIN
2019-05-08 17:38:59,371 INFO  BLL.SyuKaHyo [1][C:\Mitsunori\BLL\SyuKaHyo.cs:21] - EXEC END
