2019-05-08 16:00:49,795 INFO  Mitsunori.FmMNRKYDHS01 [1][C:\Mitsunori\Mitsunori\MNRKYDHS01.cs:419] - SEARCH BEGIN
2019-05-08 16:00:55,031 INFO  Mitsunori.FmMNRKYDHS01 [1][C:\Mitsunori\Mitsunori\MNRKYDHS01.cs:416] - SEARCH END
2019-05-08 16:00:59,990 INFO  Mitsunori.FmMNRKYDHS01 [1][C:\Mitsunori\Mitsunori\MNRKYDHS01.cs:419] - SEARCH BEGIN
2019-05-08 16:01:00,861 INFO  Mitsunori.FmMNRKYDHS01 [1][C:\Mitsunori\Mitsunori\MNRKYDHS01.cs:416] - SEARCH END
2019-05-08 16:01:02,454 INFO  Mitsunori.FmMNRKYDHS01 [1][C:\Mitsunori\Mitsunori\MNRKYDHS01.cs:419] - SEARCH BEGIN
2019-05-08 16:01:02,473 INFO  Mitsunori.FmMNRKYDHS01 [1][C:\Mitsunori\Mitsunori\MNRKYDHS01.cs:416] - SEARCH END
2019-05-08 16:09:14,136 INFO  Mitsunori.FmMNRKYDHS01 [1][C:\Mitsunori\Mitsunori\MNRKYDHS01.cs:419] - SEARCH BEGIN
2019-05-08 16:09:14,249 INFO  Mitsunori.FmMNRKYDHS01 [1][C:\Mitsunori\Mitsunori\MNRKYDHS01.cs:416] - SEARCH END
2019-05-08 16:09:36,245 INFO  BLL.OkuriJyo [1][C:\Mitsunori\BLL\OkuriJyo.cs:38] - EXEC BEGIN
2019-05-08 16:09:36,294 ERROR BLL.OkuriJyo [1][C:\Mitsunori\BLL\OkuriJyo.cs:39] - ERROR値を Null にすることはできません。
パラメーター名:source
2019-05-08 16:09:36,639 INFO  BLL.OkuriJyo [1][C:\Mitsunori\BLL\OkuriJyo.cs:19] - EXEC END
2019-05-08 16:10:42,604 INFO  BLL.OkuriJyo [1][C:\Mitsunori\BLL\OkuriJyo.cs:38] - EXEC BEGIN
2019-05-08 16:10:42,624 ERROR BLL.OkuriJyo [1][C:\Mitsunori\BLL\OkuriJyo.cs:39] - ERROR値を Null にすることはできません。
パラメーター名:source
2019-05-08 16:10:42,694 INFO  BLL.OkuriJyo [1][C:\Mitsunori\BLL\OkuriJyo.cs:19] - EXEC END
2019-05-08 16:11:50,306 INFO  BLL.OkuriJyo [1][C:\Mitsunori\BLL\OkuriJyo.cs:38] - EXEC BEGIN
2019-05-08 16:11:50,336 ERROR BLL.OkuriJyo [1][C:\Mitsunori\BLL\OkuriJyo.cs:39] - ERROR値を Null にすることはできません。
パラメーター名:source
2019-05-08 16:11:50,388 INFO  BLL.OkuriJyo [1][C:\Mitsunori\BLL\OkuriJyo.cs:19] - EXEC END
2019-05-08 16:15:49,014 INFO  Mitsunori.FmMNRKYDHS01 [1][C:\Mitsunori\Mitsunori\MNRKYDHS01.cs:419] - SEARCH BEGIN
2019-05-08 16:15:49,097 INFO  Mitsunori.FmMNRKYDHS01 [1][C:\Mitsunori\Mitsunori\MNRKYDHS01.cs:416] - SEARCH END
2019-05-08 16:16:06,400 INFO  BLL.OkuriJyo [1][C:\Mitsunori\BLL\OkuriJyo.cs:38] - EXEC BEGIN
2019-05-08 16:16:06,563 ERROR BLL.OkuriJyo [1][C:\Mitsunori\BLL\OkuriJyo.cs:59] - ERROR列 [AREANM] が見つかりません。
2019-05-08 16:16:06,830 INFO  BLL.OkuriJyo [1][C:\Mitsunori\BLL\OkuriJyo.cs:19] - EXEC END
2019-05-08 16:16:37,577 INFO  Mitsunori.FmMNRKYDHS01 [1][C:\Mitsunori\Mitsunori\MNRKYDHS01.cs:419] - SEARCH BEGIN
2019-05-08 16:16:54,367 INFO  Mitsunori.FmMNRKYDHS01 [1][C:\Mitsunori\Mitsunori\MNRKYDHS01.cs:416] - SEARCH END
2019-05-08 16:23:11,372 INFO  BLL.OkuriJyo [1][C:\Mitsunori\BLL\OkuriJyo.cs:38] - EXEC BEGIN
2019-05-08 16:23:11,403 ERROR BLL.OkuriJyo [1][C:\Mitsunori\BLL\OkuriJyo.cs:59] - ERROR列 [AREANM] が見つかりません。
2019-05-08 16:23:11,528 INFO  BLL.OkuriJyo [1][C:\Mitsunori\BLL\OkuriJyo.cs:19] - EXEC END
2019-05-08 16:24:04,985 INFO  BLL.OkuriJyo [1][C:\Mitsunori\BLL\OkuriJyo.cs:38] - EXEC BEGIN
2019-05-08 16:24:57,389 INFO  Mitsunori.FmMNRKYDHS01 [1][C:\Mitsunori\Mitsunori\MNRKYDHS01.cs:419] - SEARCH BEGIN
2019-05-08 16:24:57,483 INFO  Mitsunori.FmMNRKYDHS01 [1][C:\Mitsunori\Mitsunori\MNRKYDHS01.cs:416] - SEARCH END
2019-05-08 16:25:10,469 INFO  BLL.OkuriJyo [1][C:\Mitsunori\BLL\OkuriJyo.cs:38] - EXEC BEGIN
2019-05-08 16:25:12,508 INFO  BLL.OkuriJyo [1][C:\Mitsunori\BLL\OkuriJyo.cs:19] - EXEC END
2019-05-08 16:28:15,629 INFO  Mitsunori.FmMNRKYDHS01 [1][C:\Mitsunori\Mitsunori\MNRKYDHS01.cs:419] - SEARCH BEGIN
2019-05-08 16:28:15,718 INFO  Mitsunori.FmMNRKYDHS01 [1][C:\Mitsunori\Mitsunori\MNRKYDHS01.cs:416] - SEARCH END
2019-05-08 16:28:26,436 INFO  BLL.OkuriJyo [1][C:\Mitsunori\BLL\OkuriJyo.cs:38] - EXEC BEGIN
2019-05-08 16:28:26,469 ERROR BLL.OkuriJyo [1][C:\Mitsunori\BLL\OkuriJyo.cs:39] - ERROR値を Null にすることはできません。
パラメーター名:source
2019-05-08 16:28:26,556 INFO  BLL.OkuriJyo [1][C:\Mitsunori\BLL\OkuriJyo.cs:19] - EXEC END
2019-05-08 16:29:10,649 INFO  BLL.OkuriJyo [1][C:\Mitsunori\BLL\OkuriJyo.cs:38] - EXEC BEGIN
2019-05-08 16:29:10,673 ERROR BLL.OkuriJyo [1][C:\Mitsunori\BLL\OkuriJyo.cs:39] - ERROR値を Null にすることはできません。
パラメーター名:source
2019-05-08 16:29:10,734 INFO  BLL.OkuriJyo [1][C:\Mitsunori\BLL\OkuriJyo.cs:19] - EXEC END
2019-05-08 16:29:36,966 INFO  BLL.OkuriJyo [1][C:\Mitsunori\BLL\OkuriJyo.cs:38] - EXEC BEGIN
2019-05-08 16:29:36,986 ERROR BLL.OkuriJyo [1][C:\Mitsunori\BLL\OkuriJyo.cs:39] - ERROR値を Null にすることはできません。
パラメーター名:source
2019-05-08 16:29:37,077 INFO  BLL.OkuriJyo [1][C:\Mitsunori\BLL\OkuriJyo.cs:19] - EXEC END
2019-05-08 16:29:59,737 INFO  BLL.OkuriJyo [1][C:\Mitsunori\BLL\OkuriJyo.cs:38] - EXEC BEGIN
2019-05-08 16:31:57,571 INFO  Mitsunori.FmMNRKYDHS01 [1][C:\Mitsunori\Mitsunori\MNRKYDHS01.cs:419] - SEARCH BEGIN
2019-05-08 16:31:57,661 INFO  Mitsunori.FmMNRKYDHS01 [1][C:\Mitsunori\Mitsunori\MNRKYDHS01.cs:416] - SEARCH END
2019-05-08 16:32:09,291 INFO  BLL.OkuriJyo [1][C:\Mitsunori\BLL\OkuriJyo.cs:38] - EXEC BEGIN
2019-05-08 16:33:37,060 INFO  Mitsunori.FmMNRKYDHS01 [1][C:\Mitsunori\Mitsunori\MNRKYDHS01.cs:419] - SEARCH BEGIN
2019-05-08 16:33:38,455 INFO  Mitsunori.FmMNRKYDHS01 [1][C:\Mitsunori\Mitsunori\MNRKYDHS01.cs:416] - SEARCH END
2019-05-08 16:36:22,694 INFO  Mitsunori.FmMNRKYDHS01 [1][C:\Mitsunori\Mitsunori\MNRKYDHS01.cs:419] - SEARCH BEGIN
2019-05-08 16:36:22,783 INFO  Mitsunori.FmMNRKYDHS01 [1][C:\Mitsunori\Mitsunori\MNRKYDHS01.cs:416] - SEARCH END
2019-05-08 16:36:34,555 INFO  BLL.OkuriJyo [1][C:\Mitsunori\BLL\OkuriJyo.cs:38] - EXEC BEGIN
2019-05-08 16:37:08,320 ERROR BLL.OkuriJyo [1][C:\Mitsunori\BLL\OkuriJyo.cs:39] - ERROR列 'AREANM' はテーブル  に属していません。
2019-05-08 16:37:08,399 INFO  BLL.OkuriJyo [1][C:\Mitsunori\BLL\OkuriJyo.cs:19] - EXEC END
2019-05-08 16:38:38,392 INFO  Mitsunori.FmMNRKYDHS01 [1][C:\Mitsunori\Mitsunori\MNRKYDHS01.cs:419] - SEARCH BEGIN
2019-05-08 16:38:38,488 INFO  Mitsunori.FmMNRKYDHS01 [1][C:\Mitsunori\Mitsunori\MNRKYDHS01.cs:416] - SEARCH END
2019-05-08 16:38:51,825 INFO  BLL.OkuriJyo [1][C:\Mitsunori\BLL\OkuriJyo.cs:38] - EXEC BEGIN
2019-05-08 16:39:09,713 INFO  BLL.OkuriJyo [1][C:\Mitsunori\BLL\OkuriJyo.cs:19] - EXEC END
2019-05-08 16:41:25,035 INFO  Mitsunori.FmMNRKYDHS01 [1][C:\Mitsunori\Mitsunori\MNRKYDHS01.cs:419] - SEARCH BEGIN
2019-05-08 16:41:25,119 INFO  Mitsunori.FmMNRKYDHS01 [1][C:\Mitsunori\Mitsunori\MNRKYDHS01.cs:416] - SEARCH END
2019-05-08 16:41:39,573 INFO  BLL.OkuriJyo [1][C:\Mitsunori\BLL\OkuriJyo.cs:38] - EXEC BEGIN
2019-05-08 16:41:39,602 ERROR BLL.OkuriJyo [1][C:\Mitsunori\BLL\OkuriJyo.cs:39] - ERROR値を Null にすることはできません。
パラメーター名:source
2019-05-08 16:41:39,679 INFO  BLL.OkuriJyo [1][C:\Mitsunori\BLL\OkuriJyo.cs:19] - EXEC END
2019-05-08 16:44:12,086 INFO  Mitsunori.FmMNRKYDHS01 [1][C:\Mitsunori\Mitsunori\MNRKYDHS01.cs:419] - SEARCH BEGIN
2019-05-08 16:44:12,168 INFO  Mitsunori.FmMNRKYDHS01 [1][C:\Mitsunori\Mitsunori\MNRKYDHS01.cs:416] - SEARCH END
2019-05-08 16:44:28,403 INFO  BLL.OkuriJyo [1][C:\Mitsunori\BLL\OkuriJyo.cs:38] - EXEC BEGIN
2019-05-08 16:44:33,087 INFO  BLL.OkuriJyo [1][C:\Mitsunori\BLL\OkuriJyo.cs:19] - EXEC END
2019-05-08 16:46:09,135 INFO  BLL.OkuriJyo [1][C:\Mitsunori\BLL\OkuriJyo.cs:38] - EXEC BEGIN
2019-05-08 16:51:51,722 INFO  Mitsunori.FmMNRKYDHS01 [1][C:\Mitsunori\Mitsunori\MNRKYDHS01.cs:419] - SEARCH BEGIN
2019-05-08 16:51:53,591 INFO  Mitsunori.FmMNRKYDHS01 [1][C:\Mitsunori\Mitsunori\MNRKYDHS01.cs:416] - SEARCH END
2019-05-08 16:59:03,783 INFO  Mitsunori.FmMNRKYDHS01 [1][C:\Mitsunori\Mitsunori\MNRKYDHS01.cs:419] - SEARCH BEGIN
2019-05-08 16:59:03,864 INFO  Mitsunori.FmMNRKYDHS01 [1][C:\Mitsunori\Mitsunori\MNRKYDHS01.cs:416] - SEARCH END
2019-05-08 16:59:09,333 INFO  BLL.OkuriJyo [1][C:\Mitsunori\BLL\OkuriJyo.cs:38] - EXEC BEGIN
2019-05-08 16:59:09,367 ERROR BLL.OkuriJyo [1][C:\Mitsunori\BLL\OkuriJyo.cs:39] - ERROR値を Null にすることはできません。
パラメーター名:source
2019-05-08 16:59:09,438 INFO  BLL.OkuriJyo [1][C:\Mitsunori\BLL\OkuriJyo.cs:19] - EXEC END
