2019-04-12 09:11:30,825 INFO  Mitsunori.FmMNRKYDHS01 [1][C:\Mitsunori\Mitsunori\MNRKYDHS01.cs:411] - SEARCH BEGIN
2019-04-12 09:11:31,261 INFO  Mitsunori.FmMNRKYDHS01 [1][C:\Mitsunori\Mitsunori\MNRKYDHS01.cs:408] - SEARCH END
2019-04-12 09:13:39,316 INFO  Mitsunori.FmMNRKYDHS01 [1][C:\Mitsunori\Mitsunori\MNRKYDHS01.cs:411] - SEARCH BEGIN
2019-04-12 09:13:39,456 INFO  Mitsunori.FmMNRKYDHS01 [1][C:\Mitsunori\Mitsunori\MNRKYDHS01.cs:408] - SEARCH END
2019-04-12 09:16:56,850 INFO  Mitsunori.FmMNRKYDHS01 [1][C:\Mitsunori\Mitsunori\MNRKYDHS01.cs:412] - SEARCH BEGIN
2019-04-12 09:16:57,975 INFO  Mitsunori.FmMNRKYDHS01 [1][C:\Mitsunori\Mitsunori\MNRKYDHS01.cs:409] - SEARCH END
2019-04-12 09:17:00,475 INFO  Mitsunori.FmMNRKYDHS01 [1][C:\Mitsunori\Mitsunori\MNRKYDHS01.cs:412] - SEARCH BEGIN
2019-04-12 09:17:00,516 INFO  Mitsunori.FmMNRKYDHS01 [1][C:\Mitsunori\Mitsunori\MNRKYDHS01.cs:409] - SEARCH END
2019-04-12 09:21:39,312 INFO  Mitsunori.FmMNRKYDHS01 [1][C:\Mitsunori\Mitsunori\MNRKYDHS01.cs:411] - SEARCH BEGIN
2019-04-12 09:21:39,402 INFO  Mitsunori.FmMNRKYDHS01 [1][C:\Mitsunori\Mitsunori\MNRKYDHS01.cs:408] - SEARCH END
2019-04-12 09:22:03,959 INFO  BLL.DownLoad [1][C:\Mitsunori\BLL\DownLoad.cs:49] - EXEC BEGIN
2019-04-12 09:22:05,597 INFO  BLL.DownLoad [1][C:\Mitsunori\BLL\DownLoad.cs:21] - EXEC END
2019-04-12 09:23:03,777 INFO  Mitsunori.FmMNRKYDHS01 [1][C:\Mitsunori\Mitsunori\MNRKYDHS01.cs:411] - SEARCH BEGIN
2019-04-12 09:23:03,855 INFO  Mitsunori.FmMNRKYDHS01 [1][C:\Mitsunori\Mitsunori\MNRKYDHS01.cs:408] - SEARCH END
2019-04-12 09:23:12,685 INFO  BLL.DownLoad [1][C:\Mitsunori\BLL\DownLoad.cs:49] - EXEC BEGIN
2019-04-12 09:23:12,841 INFO  BLL.DownLoad [1][C:\Mitsunori\BLL\DownLoad.cs:21] - EXEC END
2019-04-12 09:39:31,344 INFO  Mitsunori.FmMNRKYDHS01 [1][C:\Mitsunori\Mitsunori\MNRKYDHS01.cs:157] - EXEC LOAD BEGIN
2019-04-12 09:39:32,544 INFO  Mitsunori.FmMNRKYDHS01 [1][C:\Mitsunori\Mitsunori\MNRKYDHS01.cs:142] - EXEC END
2019-04-12 09:46:09,054 INFO  Mitsunori.FmMNRKYDHS01 [1][C:\Mitsunori\Mitsunori\MNRKYDHS01.cs:415] - SEARCH BEGIN
2019-04-12 09:46:09,175 INFO  Mitsunori.FmMNRKYDHS01 [1][C:\Mitsunori\Mitsunori\MNRKYDHS01.cs:412] - SEARCH END
2019-04-12 09:47:35,497 INFO  Mitsunori.FmMNRKYDHS01 [1][C:\Mitsunori\Mitsunori\MNRKYDHS01.cs:415] - SEARCH BEGIN
2019-04-12 09:47:35,563 INFO  Mitsunori.FmMNRKYDHS01 [1][C:\Mitsunori\Mitsunori\MNRKYDHS01.cs:412] - SEARCH END
